#-----------------------------------------------------------
# Vivado v2020.2 (64-bit)
# SW Build 3064766 on Wed Nov 18 09:12:45 MST 2020
# IP Build 3064653 on Wed Nov 18 14:17:31 MST 2020
# Start of session at: Tue Sep  7 11:34:42 2021
# Process ID: 1192
# Current directory: C:/Users/iMac/Documents/GitHub/Prova-Finale-Reti-Logiche-2020-2021
# Command line: vivado.exe -gui_launcher_event rodinguilauncherevent11676 C:\Users\iMac\Documents\GitHub\Prova-Finale-Reti-Logiche-2020-2021\PFRL2021.xpr
# Log file: C:/Users/iMac/Documents/GitHub/Prova-Finale-Reti-Logiche-2020-2021/vivado.log
# Journal file: C:/Users/iMac/Documents/GitHub/Prova-Finale-Reti-Logiche-2020-2021\vivado.jou
#-----------------------------------------------------------
start_gui
open_project C:/Users/iMac/Documents/GitHub/Prova-Finale-Reti-Logiche-2020-2021/PFRL2021.xpr
WARNING: [filemgmt 56-3] Default IP Output Path : Could not find the directory 'C:/Users/iMac/Documents/GitHub/Prova-Finale-Reti-Logiche-2020-2021/PFRL2021.gen/sources_1'.
CRITICAL WARNING: [Project 1-19] Could not find the file 'C:/Users/iMac/Documents/GitHub/Prova-Finale-Reti-Logiche-2020-2021/PFRL2021.srcs/sources_1/imports/Prova-Finale-Reti-Logiche-2020-2021/test.vhd'.
Scanning sources...
Finished scanning sources
INFO: [IP_Flow 19-234] Refreshing IP repositories
INFO: [IP_Flow 19-1704] No user IP repositories specified
INFO: [IP_Flow 19-2313] Loaded Vivado IP repository 'F:/Xilinx/Vivado/2020.2/data/ip'.
open_project: Time (s): cpu = 00:00:13 ; elapsed = 00:00:07 . Memory (MB): peak = 1016.891 ; gain = 0.000
update_compile_order -fileset sources_1
export_ip_user_files -of_objects  [get_files C:/Users/iMac/Documents/GitHub/Prova-Finale-Reti-Logiche-2020-2021/PFRL2021.srcs/sources_1/imports/Prova-Finale-Reti-Logiche-2020-2021/test.vhd] -no_script -reset -force -quiet
remove_files  C:/Users/iMac/Documents/GitHub/Prova-Finale-Reti-Logiche-2020-2021/PFRL2021.srcs/sources_1/imports/Prova-Finale-Reti-Logiche-2020-2021/test.vhd
add_files -norecurse -scan_for_includes C:/Users/iMac/Documents/GitHub/Prova-Finale-Reti-Logiche-2020-2021/test.vhd
import_files -norecurse C:/Users/iMac/Documents/GitHub/Prova-Finale-Reti-Logiche-2020-2021/test.vhd
update_compile_order -fileset sources_1
